# JRE version: OpenJDK Runtime Environment Temurin-21.0.10+7 (21.0.10+7) (build 21.0.10+7-LTS)
# Java VM: OpenJDK 64-Bit Server VM Temurin-21.0.10+7 (21.0.10+7-LTS, mixed mode, tiered, compressed oops, compressed class ptrs, g1 gc, windows-amd64)
GC Precious Log:
 CardTable entry size: 512
 Card Set container configuration: InlinePtr #cards 4 size 8 Array Of Cards #cards 16 size 48 Howl #buckets 8 coarsen threshold 3686 Howl Bitmap #cards 512 size 80 coarsen threshold 460 Card regions per heap region 1 cards per card region 4096
 CPUs: 16 total, 16 available
 Memory: 15734M
 Large Page Support: Disabled
 NUMA Support: Disabled
 Compressed Oops: Enabled (Zero based)
 Heap Region Size: 2M
 Heap Min Capacity: 8M
 Heap Initial Capacity: 246M
 Heap Max Capacity: 3934M
 Pre-touch: Disabled
 Parallel Workers: 13
 Concurrent Workers: 3
 Concurrent Refinement Workers: 13
 Periodic GC: Disabled
Heap:
 garbage-first heap   total 487424K, used 437380K [0x000000070a200000, 0x0000000800000000)
  region size 2048K, 135 young (276480K), 2 survivors (4096K)
 Metaspace       used 92419K, committed 93760K, reserved 1179648K
  class space    used 10082K, committed 10688K, reserved 1048576K
GC Heap History (20 events):
Event: 95.106 GC heap before
{Heap before GC invocations=95 (full 0):
 garbage-first heap   total 487424K, used 453474K [0x000000070a200000, 0x0000000800000000)
  region size 2048K, 142 young (290816K), 1 survivors (2048K)
 Metaspace       used 91123K, committed 92480K, reserved 1179648K
  class space    used 10076K, committed 10688K, reserved 1048576K
}
Event: 95.108 GC heap after
{Heap after GC invocations=96 (full 0):
 garbage-first heap   total 487424K, used 164725K [0x000000070a200000, 0x0000000800000000)
  region size 2048K, 1 young (2048K), 1 survivors (2048K)
 Metaspace       used 91123K, committed 92480K, reserved 1179648K
  class space    used 10076K, committed 10688K, reserved 1048576K
}
Event: 95.364 GC heap before
{Heap before GC invocations=97 (full 0):
 garbage-first heap   total 487424K, used 453493K [0x000000070a200000, 0x0000000800000000)
  region size 2048K, 142 young (290816K), 1 survivors (2048K)
 Metaspace       used 91123K, committed 92480K, reserved 1179648K
  class space    used 10076K, committed 10688K, reserved 1048576K
}
Event: 95.365 GC heap after
{Heap after GC invocations=98 (full 0):
 garbage-first heap   total 487424K, used 164724K [0x000000070a200000, 0x0000000800000000)
  region size 2048K, 1 young (2048K), 1 survivors (2048K)
 Metaspace       used 91123K, committed 92480K, reserved 1179648K
  class space    used 10076K, committed 10688K, reserved 1048576K
}
Event: 95.583 GC heap before
{Heap before GC invocations=98 (full 0):
 garbage-first heap   total 487424K, used 453492K [0x000000070a200000, 0x0000000800000000)
  region size 2048K, 142 young (290816K), 1 survivors (2048K)
 Metaspace       used 91132K, committed 92544K, reserved 1179648K
  class space    used 10076K, committed 10688K, reserved 1048576K
}
Event: 95.586 GC heap after
{Heap after GC invocations=99 (full 0):
 garbage-first heap   total 487424K, used 164498K [0x000000070a200000, 0x0000000800000000)
  region size 2048K, 1 young (2048K), 1 survivors (2048K)
 Metaspace       used 91132K, committed 92544K, reserved 1179648K
  class space    used 10076K, committed 10688K, reserved 1048576K
}
Event: 95.793 GC heap before
{Heap before GC invocations=99 (full 0):
 garbage-first heap   total 487424K, used 453266K [0x000000070a200000, 0x0000000800000000)
  region size 2048K, 142 young (290816K), 1 survivors (2048K)
 Metaspace       used 91132K, committed 92544K, reserved 1179648K
  class space    used 10076K, committed 10688K, reserved 1048576K
}
Event: 95.794 GC heap after
{Heap after GC invocations=100 (full 0):
 garbage-first heap   total 487424K, used 164477K [0x000000070a200000, 0x0000000800000000)
  region size 2048K, 1 young (2048K), 1 survivors (2048K)
 Metaspace       used 91132K, committed 92544K, reserved 1179648K
  class space    used 10076K, committed 10688K, reserved 1048576K
}
Event: 96.152 GC heap before
{Heap before GC invocations=101 (full 0):
 garbage-first heap   total 487424K, used 453245K [0x000000070a200000, 0x0000000800000000)
  region size 2048K, 142 young (290816K), 1 survivors (2048K)
 Metaspace       used 91132K, committed 92544K, reserved 1179648K
  class space    used 10076K, committed 10688K, reserved 1048576K
}
Event: 96.153 GC heap after
{Heap after GC invocations=102 (full 0):
 garbage-first heap   total 487424K, used 164493K [0x000000070a200000, 0x0000000800000000)
  region size 2048K, 1 young (2048K), 1 survivors (2048K)
 Metaspace       used 91132K, committed 92544K, reserved 1179648K
  class space    used 10076K, committed 10688K, reserved 1048576K
}
Event: 96.450 GC heap before
{Heap before GC invocations=102 (full 0):
 garbage-first heap   total 487424K, used 453261K [0x000000070a200000, 0x0000000800000000)
  region size 2048K, 142 young (290816K), 1 survivors (2048K)
 Metaspace       used 91132K, committed 92544K, reserved 1179648K
  class space    used 10076K, committed 10688K, reserved 1048576K
}
Event: 96.453 GC heap after
{Heap after GC invocations=103 (full 0):
 garbage-first heap   total 487424K, used 164245K [0x000000070a200000, 0x0000000800000000)
  region size 2048K, 1 young (2048K), 1 survivors (2048K)
 Metaspace       used 91132K, committed 92544K, reserved 1179648K
  class space    used 10076K, committed 10688K, reserved 1048576K
}
Event: 455.504 GC heap before
{Heap before GC invocations=103 (full 0):
 garbage-first heap   total 487424K, used 450965K [0x000000070a200000, 0x0000000800000000)
  region size 2048K, 142 young (290816K), 1 survivors (2048K)
 Metaspace       used 92124K, committed 93440K, reserved 1179648K
  class space    used 10081K, committed 10688K, reserved 1048576K
}
Event: 455.510 GC heap after
{Heap after GC invocations=104 (full 0):
 garbage-first heap   total 487424K, used 173073K [0x000000070a200000, 0x0000000800000000)
  region size 2048K, 5 young (10240K), 5 survivors (10240K)
 Metaspace       used 92124K, committed 93440K, reserved 1179648K
  class space    used 10081K, committed 10688K, reserved 1048576K
}
Event: 1298.511 GC heap before
{Heap before GC invocations=105 (full 0):
 garbage-first heap   total 487424K, used 453649K [0x000000070a200000, 0x0000000800000000)
  region size 2048K, 142 young (290816K), 5 survivors (10240K)
 Metaspace       used 92409K, committed 93696K, reserved 1179648K
  class space    used 10081K, committed 10688K, reserved 1048576K
}
Event: 1298.552 GC heap after
{Heap after GC invocations=106 (full 0):
 garbage-first heap   total 487424K, used 185420K [0x000000070a200000, 0x0000000800000000)
  region size 2048K, 11 young (22528K), 11 survivors (22528K)
 Metaspace       used 92409K, committed 93696K, reserved 1179648K
  class space    used 10081K, committed 10688K, reserved 1048576K
}
Event: 1864.355 GC heap before
{Heap before GC invocations=106 (full 0):
 garbage-first heap   total 487424K, used 453708K [0x000000070a200000, 0x0000000800000000)
  region size 2048K, 142 young (290816K), 11 survivors (22528K)
 Metaspace       used 92414K, committed 93760K, reserved 1179648K
  class space    used 10081K, committed 10688K, reserved 1048576K
}
Event: 1864.364 GC heap after
{Heap after GC invocations=107 (full 0):
 garbage-first heap   total 487424K, used 179128K [0x000000070a200000, 0x0000000800000000)
  region size 2048K, 8 young (16384K), 8 survivors (16384K)
 Metaspace       used 92414K, committed 93760K, reserved 1179648K
  class space    used 10081K, committed 10688K, reserved 1048576K
}
Event: 1864.880 GC heap before
{Heap before GC invocations=108 (full 0):
 garbage-first heap   total 487424K, used 453560K [0x000000070a200000, 0x0000000800000000)
  region size 2048K, 142 young (290816K), 8 survivors (16384K)
 Metaspace       used 92414K, committed 93760K, reserved 1179648K
  class space    used 10081K, committed 10688K, reserved 1048576K
}
Event: 1864.881 GC heap after
{Heap after GC invocations=109 (full 0):
 garbage-first heap   total 487424K, used 167044K [0x000000070a200000, 0x0000000800000000)
  region size 2048K, 2 young (4096K), 2 survivors (4096K)
 Metaspace       used 92414K, committed 93760K, reserved 1179648K
  class space    used 10081K, committed 10688K, reserved 1048576K
}

